<?xml version="1.0" encoding="UTF-8"?>
<!-- Generated by org.testng.reporters.JUnitReportReporter -->
<testsuite skipped="0" hostname="M4L-FAC-MANZOOM" name="com.training.sanity.tests.NewTest" tests="2" failures="0" timestamp="20 Dec 2018 04:27:36 GMT" time="6.776" errors="0">
  <testcase name="userListTest" time="2.642" classname="com.training.sanity.tests.NewTest"/>
  <testcase name="validLoginTest" time="4.134" classname="com.training.sanity.tests.NewTest"/>
</testsuite> <!-- com.training.sanity.tests.NewTest -->
