<?xml version="1.0" encoding="UTF-8"?>
<!-- Generated by org.testng.reporters.JUnitReportReporter -->
<testsuite skipped="0" hostname="M4L-FAC-MANZOOM" name="com.training.sanity.tests.NewTest" tests="2" failures="0" timestamp="19 Dec 2018 19:43:39 GMT" time="10.112" errors="0">
  <testcase name="userListTest" time="7.132" classname="com.training.sanity.tests.NewTest"/>
  <testcase name="validLoginTest" time="2.980" classname="com.training.sanity.tests.NewTest"/>
</testsuite> <!-- com.training.sanity.tests.NewTest -->
